<?xml version="1.0" encoding="UTF-8"?>
<coverage generated="1553248608811" clover="3.2.0">
  <project timestamp="1553248608811" name="All files">
    <metrics statements="206" coveredstatements="191" conditionals="64" coveredconditionals="46" methods="55" coveredmethods="48" elements="325" coveredelements="285" complexity="0" loc="206" ncloc="206" packages="4" files="9" classes="9">
      <package name="src">
        <metrics statements="149" coveredstatements="141" conditionals="54" coveredconditionals="43" methods="43" coveredmethods="39"/>
        <file name="Advertising.js" path="/Users/ajacquemin/Desktop/testLocal/src/lib/react-prebid-rubicon/src/Advertising.js">
          <metrics statements="149" coveredstatements="141" conditionals="54" coveredconditionals="43" methods="42" coveredmethods="39"/>
          <line num="1" count="1" type="stmt"/>
          <line num="2" count="1" type="stmt"/>
          <line num="3" count="1" type="stmt"/>
          <line num="4" count="1" type="stmt"/>
          <line num="5" count="1" type="stmt"/>
          <line num="6" count="1" type="stmt"/>
          <line num="7" count="1" type="stmt"/>
          <line num="8" count="1" type="stmt"/>
          <line num="9" count="1" type="stmt"/>
          <line num="10" count="1" type="stmt"/>
          <line num="11" count="1" type="stmt"/>
          <line num="12" count="1" type="stmt"/>
          <line num="13" count="1" type="stmt"/>
          <line num="14" count="1" type="stmt"/>
          <line num="15" count="1" type="stmt"/>
          <line num="16" count="1" type="stmt"/>
          <line num="17" count="1" type="stmt"/>
          <line num="18" count="1" type="stmt"/>
          <line num="19" count="1" type="stmt"/>
          <line num="23" count="43" type="stmt"/>
          <line num="24" count="43" type="stmt"/>
          <line num="25" count="43" type="stmt"/>
          <line num="26" count="43" type="stmt"/>
          <line num="27" count="43" type="stmt"/>
          <line num="28" count="43" type="stmt"/>
          <line num="29" count="43" type="stmt"/>
          <line num="30" count="43" type="stmt"/>
          <line num="31" count="43" type="stmt"/>
          <line num="32" count="43" type="stmt"/>
          <line num="38" count="35" type="stmt"/>
          <line num="39" count="35" type="stmt"/>
          <line num="40" count="35" type="stmt"/>
          <line num="44" count="35" type="cond" truecount="2" falsecount="0"/>
          <line num="45" count="33" type="stmt"/>
          <line num="47" count="2" type="stmt"/>
          <line num="48" count="2" type="stmt"/>
          <line num="49" count="0" type="cond" truecount="0" falsecount="2"/>
          <line num="50" count="0" type="stmt"/>
          <line num="52" count="0" type="stmt"/>
          <line num="55" count="2" type="stmt"/>
          <line num="56" count="2" type="stmt"/>
          <line num="57" count="2" type="stmt"/>
          <line num="58" count="2" type="stmt"/>
          <line num="60" count="2" type="stmt"/>
          <line num="61" count="2" type="stmt"/>
          <line num="68" count="0" type="stmt"/>
          <line num="74" count="8" type="stmt"/>
          <line num="75" count="8" type="stmt"/>
          <line num="79" count="8" type="stmt"/>
          <line num="80" count="8" type="stmt"/>
          <line num="81" count="8" type="stmt"/>
          <line num="82" count="8" type="stmt"/>
          <line num="86" count="8" type="stmt"/>
          <line num="87" count="8" type="cond" truecount="2" falsecount="0"/>
          <line num="88" count="4" type="stmt"/>
          <line num="89" count="4" type="stmt"/>
          <line num="91" count="4" type="stmt"/>
          <line num="92" count="3" type="cond" truecount="1" falsecount="1"/>
          <line num="93" count="3" type="stmt"/>
          <line num="95" count="3" type="stmt"/>
          <line num="97" count="4" type="stmt"/>
          <line num="99" count="4" type="stmt"/>
          <line num="100" count="4" type="stmt"/>
          <line num="106" count="0" type="stmt"/>
          <line num="114" count="2" type="cond" truecount="1" falsecount="1"/>
          <line num="115" count="2" type="stmt"/>
          <line num="116" count="2" type="stmt"/>
          <line num="120" count="4" type="stmt"/>
          <line num="121" count="4" type="cond" truecount="1" falsecount="1"/>
          <line num="122" count="4" type="stmt"/>
          <line num="123" count="4" type="stmt"/>
          <line num="127" count="35" type="cond" truecount="1" falsecount="1"/>
          <line num="128" count="0" type="stmt"/>
          <line num="130" count="35" type="stmt"/>
          <line num="131" count="35" type="stmt"/>
          <line num="136" count="35" type="stmt"/>
          <line num="137" count="35" type="stmt"/>
          <line num="138" count="72" type="cond" truecount="4" falsecount="0"/>
          <line num="139" count="24" type="stmt"/>
          <line num="141" count="48" type="cond" truecount="1" falsecount="1"/>
          <line num="142" count="48" type="stmt"/>
          <line num="143" count="48" type="cond" truecount="2" falsecount="0"/>
          <line num="144" count="44" type="stmt"/>
          <line num="146" count="4" type="stmt"/>
          <line num="147" count="4" type="cond" truecount="2" falsecount="0"/>
          <line num="148" count="1" type="stmt"/>
          <line num="151" count="35" type="stmt"/>
          <line num="155" count="8" type="cond" truecount="1" falsecount="1"/>
          <line num="156" count="0" type="stmt"/>
          <line num="158" count="8" type="stmt"/>
          <line num="159" count="8" type="stmt"/>
          <line num="164" count="35" type="cond" truecount="1" falsecount="1"/>
          <line num="165" count="0" type="stmt"/>
          <line num="167" count="35" type="stmt"/>
          <line num="168" count="35" type="stmt"/>
          <line num="169" count="35" type="stmt"/>
          <line num="170" count="105" type="stmt"/>
          <line num="172" count="35" type="stmt"/>
          <line num="177" count="74" type="cond" truecount="4" falsecount="0"/>
          <line num="181" count="2" type="stmt"/>
          <line num="182" count="4" type="cond" truecount="2" falsecount="0"/>
          <line num="183" count="2" type="stmt"/>
          <line num="184" count="6" type="stmt"/>
          <line num="185" count="2" type="stmt"/>
          <line num="188" count="2" type="stmt"/>
          <line num="192" count="35" type="cond" truecount="0" falsecount="1"/>
          <line num="193" count="70" type="cond" truecount="2" falsecount="0"/>
          <line num="195" count="70" type="stmt"/>
          <line num="196" count="70" type="cond" truecount="2" falsecount="0"/>
          <line num="197" count="35" type="stmt"/>
          <line num="200" count="70" type="cond" truecount="5" falsecount="0"/>
          <line num="201" count="35" type="stmt"/>
          <line num="204" count="70" type="stmt"/>
          <line num="205" count="70" type="stmt"/>
          <line num="208" count="70" type="stmt"/>
          <line num="210" count="70" type="stmt"/>
          <line num="215" count="35" type="stmt"/>
          <line num="216" count="70" type="stmt"/>
          <line num="220" count="35" type="stmt"/>
          <line num="227" count="8" type="stmt"/>
          <line num="232" count="35" type="stmt"/>
          <line num="233" count="35" type="stmt"/>
          <line num="234" count="35" type="stmt"/>
          <line num="235" count="35" type="stmt"/>
          <line num="236" count="35" type="stmt"/>
          <line num="237" count="35" type="stmt"/>
          <line num="238" count="245" type="stmt"/>
          <line num="240" count="35" type="stmt"/>
          <line num="241" count="35" type="stmt"/>
          <line num="243" count="35" type="stmt"/>
          <line num="244" count="35" type="stmt"/>
          <line num="248" count="8" type="stmt"/>
          <line num="249" count="8" type="stmt"/>
          <line num="253" count="43" type="cond" truecount="2" falsecount="0"/>
          <line num="254" count="1" type="stmt"/>
          <line num="256" count="43" type="cond" truecount="2" falsecount="0"/>
          <line num="257" count="1" type="stmt"/>
          <line num="259" count="43" type="cond" truecount="2" falsecount="0"/>
          <line num="260" count="1" type="stmt"/>
          <line num="265" count="121" type="stmt"/>
          <line num="266" count="25" type="stmt"/>
          <line num="267" count="25" type="cond" truecount="1" falsecount="1"/>
          <line num="268" count="25" type="stmt"/>
          <line num="274" count="49" type="stmt"/>
          <line num="278" count="49" type="stmt"/>
          <line num="282" count="98" type="stmt"/>
          <line num="283" count="98" type="stmt"/>
          <line num="284" count="98" type="stmt"/>
          <line num="285" count="98" type="stmt"/>
        </file>
        <file name="AdvertisingContext.js" path="/Users/ajacquemin/Desktop/testLocal/src/lib/react-prebid-rubicon/src/AdvertisingContext.js">
          <metrics statements="0" coveredstatements="0" conditionals="0" coveredconditionals="0" methods="1" coveredmethods="0"/>
        </file>
      </package>
      <package name="src.components">
        <metrics statements="23" coveredstatements="16" conditionals="10" coveredconditionals="3" methods="8" coveredmethods="5"/>
        <file name="AdvertisingProvider.js" path="/Users/ajacquemin/Desktop/testLocal/src/lib/react-prebid-rubicon/src/components/AdvertisingProvider.js">
          <metrics statements="13" coveredstatements="9" conditionals="6" coveredconditionals="2" methods="5" coveredmethods="3"/>
          <line num="9" count="5" type="stmt"/>
          <line num="10" count="5" type="stmt"/>
          <line num="11" count="5" type="stmt"/>
          <line num="15" count="5" type="cond" truecount="2" falsecount="0"/>
          <line num="16" count="4" type="stmt"/>
          <line num="21" count="0" type="cond" truecount="0" falsecount="2"/>
          <line num="22" count="0" type="stmt"/>
          <line num="27" count="0" type="cond" truecount="0" falsecount="2"/>
          <line num="28" count="0" type="stmt"/>
          <line num="33" count="5" type="stmt"/>
          <line num="34" count="5" type="stmt"/>
          <line num="38" count="1" type="stmt"/>
          <line num="52" count="1" type="stmt"/>
        </file>
        <file name="AdvertisingSlot.js" path="/Users/ajacquemin/Desktop/testLocal/src/lib/react-prebid-rubicon/src/components/AdvertisingSlot.js">
          <metrics statements="10" coveredstatements="7" conditionals="4" coveredconditionals="1" methods="3" coveredmethods="2"/>
          <line num="7" count="3" type="stmt"/>
          <line num="8" count="3" type="cond" truecount="1" falsecount="1"/>
          <line num="9" count="3" type="stmt"/>
          <line num="13" count="0" type="stmt"/>
          <line num="14" count="0" type="cond" truecount="0" falsecount="2"/>
          <line num="15" count="0" type="stmt"/>
          <line num="19" count="3" type="stmt"/>
          <line num="20" count="3" type="stmt"/>
          <line num="24" count="3" type="stmt"/>
          <line num="34" count="3" type="stmt"/>
        </file>
      </package>
      <package name="src.components.utils">
        <metrics statements="3" coveredstatements="3" conditionals="0" coveredconditionals="0" methods="3" coveredmethods="3"/>
        <file name="AdvertisingConfigPropType.js" path="/Users/ajacquemin/Desktop/testLocal/src/lib/react-prebid-rubicon/src/components/utils/AdvertisingConfigPropType.js">
          <metrics statements="0" coveredstatements="0" conditionals="0" coveredconditionals="0" methods="0" coveredmethods="0"/>
        </file>
        <file name="AdvertisingSlotConfigPropType.js" path="/Users/ajacquemin/Desktop/testLocal/src/lib/react-prebid-rubicon/src/components/utils/AdvertisingSlotConfigPropType.js">
          <metrics statements="0" coveredstatements="0" conditionals="0" coveredconditionals="0" methods="0" coveredmethods="0"/>
        </file>
        <file name="connectToAdServer.js" path="/Users/ajacquemin/Desktop/testLocal/src/lib/react-prebid-rubicon/src/components/utils/connectToAdServer.js">
          <metrics statements="3" coveredstatements="3" conditionals="0" coveredconditionals="0" methods="3" coveredmethods="3"/>
          <line num="4" count="1" type="stmt"/>
          <line num="5" count="1" type="stmt"/>
          <line num="6" count="1" type="stmt"/>
        </file>
      </package>
      <package name="src.utils">
        <metrics statements="31" coveredstatements="31" conditionals="0" coveredconditionals="0" methods="1" coveredmethods="1"/>
        <file name="setupTests.js" path="/Users/ajacquemin/Desktop/testLocal/src/lib/react-prebid-rubicon/src/utils/setupTests.js">
          <metrics statements="15" coveredstatements="15" conditionals="0" coveredconditionals="0" methods="1" coveredmethods="1"/>
          <line num="7" count="8" type="stmt"/>
          <line num="9" count="8" type="stmt"/>
          <line num="10" count="8" type="stmt"/>
          <line num="11" count="8" type="stmt"/>
          <line num="14" count="8" type="stmt"/>
          <line num="15" count="8" type="stmt"/>
          <line num="17" count="12" type="stmt"/>
          <line num="18" count="12" type="stmt"/>
          <line num="21" count="98" type="stmt"/>
          <line num="22" count="98" type="stmt"/>
          <line num="27" count="8" type="stmt"/>
          <line num="29" count="8" type="stmt"/>
          <line num="30" count="98" type="stmt"/>
          <line num="31" count="98" type="stmt"/>
          <line num="32" count="98" type="stmt"/>
        </file>
        <file name="testAdvertisingConfig.js" path="/Users/ajacquemin/Desktop/testLocal/src/lib/react-prebid-rubicon/src/utils/testAdvertisingConfig.js">
          <metrics statements="16" coveredstatements="16" conditionals="0" coveredconditionals="0" methods="0" coveredmethods="0"/>
          <line num="1" count="3" type="stmt"/>
          <line num="2" count="3" type="stmt"/>
          <line num="3" count="3" type="stmt"/>
          <line num="4" count="3" type="stmt"/>
          <line num="5" count="3" type="stmt"/>
          <line num="7" count="3" type="stmt"/>
          <line num="8" count="3" type="stmt"/>
          <line num="9" count="3" type="stmt"/>
          <line num="10" count="3" type="stmt"/>
          <line num="11" count="3" type="stmt"/>
          <line num="12" count="3" type="stmt"/>
          <line num="14" count="3" type="stmt"/>
          <line num="16" count="3" type="stmt"/>
          <line num="17" count="3" type="stmt"/>
          <line num="18" count="3" type="stmt"/>
          <line num="20" count="3" type="stmt"/>
        </file>
      </package>
    </metrics>
  </project>
</coverage>
