{"/Users/ajacquemin/Desktop/testLocal/src/lib/react-prebid-rubicon/src/Advertising.js": {"path":"/Users/ajacquemin/Desktop/testLocal/src/lib/react-prebid-rubicon/src/Advertising.js","statementMap":{"0":{"start":{"line":1,"column":30},"end":{"line":1,"column":81}},"1":{"start":{"line":2,"column":26},"end":{"line":2,"column":73}},"2":{"start":{"line":3,"column":29},"end":{"line":3,"column":79}},"3":{"start":{"line":4,"column":20},"end":{"line":4,"column":59}},"4":{"start":{"line":5,"column":21},"end":{"line":5,"column":61}},"5":{"start":{"line":6,"column":20},"end":{"line":6,"column":59}},"6":{"start":{"line":7,"column":23},"end":{"line":7,"column":65}},"7":{"start":{"line":8,"column":17},"end":{"line":8,"column":53}},"8":{"start":{"line":9,"column":20},"end":{"line":9,"column":59}},"9":{"start":{"line":10,"column":26},"end":{"line":10,"column":76}},"10":{"start":{"line":11,"column":23},"end":{"line":11,"column":70}},"11":{"start":{"line":12,"column":26},"end":{"line":12,"column":72}},"12":{"start":{"line":13,"column":25},"end":{"line":13,"column":70}},"13":{"start":{"line":14,"column":29},"end":{"line":14,"column":78}},"14":{"start":{"line":15,"column":18},"end":{"line":15,"column":55}},"15":{"start":{"line":16,"column":20},"end":{"line":16,"column":60}},"16":{"start":{"line":17,"column":23},"end":{"line":17,"column":66}},"17":{"start":{"line":18,"column":25},"end":{"line":18,"column":70}},"18":{"start":{"line":19,"column":23},"end":{"line":19,"column":65}},"19":{"start":{"line":23,"column":8},"end":{"line":23,"column":29}},"20":{"start":{"line":24,"column":8},"end":{"line":24,"column":24}},"21":{"start":{"line":25,"column":8},"end":{"line":25,"column":31}},"22":{"start":{"line":26,"column":8},"end":{"line":26,"column":34}},"23":{"start":{"line":27,"column":8},"end":{"line":27,"column":36}},"24":{"start":{"line":28,"column":8},"end":{"line":28,"column":37}},"25":{"start":{"line":29,"column":8},"end":{"line":29,"column":39}},"26":{"start":{"line":30,"column":8},"end":{"line":30,"column":38}},"27":{"start":{"line":31,"column":8},"end":{"line":31,"column":24}},"28":{"start":{"line":32,"column":8},"end":{"line":32,"column":33}},"29":{"start":{"line":38,"column":33},"end":{"line":38,"column":37}},"30":{"start":{"line":39,"column":8},"end":{"line":39,"column":34}},"31":{"start":{"line":40,"column":8},"end":{"line":43,"column":11}},"32":{"start":{"line":44,"column":8},"end":{"line":46,"column":9}},"33":{"start":{"line":45,"column":12},"end":{"line":45,"column":19}},"34":{"start":{"line":47,"column":8},"end":{"line":54,"column":9}},"35":{"start":{"line":48,"column":12},"end":{"line":53,"column":15}},"36":{"start":{"line":49,"column":16},"end":{"line":51,"column":17}},"37":{"start":{"line":50,"column":20},"end":{"line":50,"column":66}},"38":{"start":{"line":52,"column":16},"end":{"line":52,"column":107}},"39":{"start":{"line":55,"column":23},"end":{"line":55,"column":48}},"40":{"start":{"line":55,"column":45},"end":{"line":55,"column":47}},"41":{"start":{"line":56,"column":30},"end":{"line":56,"column":62}},"42":{"start":{"line":56,"column":52},"end":{"line":56,"column":61}},"43":{"start":{"line":57,"column":35},"end":{"line":57,"column":63}},"44":{"start":{"line":58,"column":8},"end":{"line":70,"column":10}},"45":{"start":{"line":60,"column":16},"end":{"line":66,"column":17}},"46":{"start":{"line":61,"column":20},"end":{"line":65,"column":22}},"47":{"start":{"line":68,"column":16},"end":{"line":68,"column":55}},"48":{"start":{"line":74,"column":8},"end":{"line":74,"column":37}},"49":{"start":{"line":75,"column":8},"end":{"line":78,"column":11}},"50":{"start":{"line":79,"column":8},"end":{"line":79,"column":24}},"51":{"start":{"line":80,"column":8},"end":{"line":80,"column":34}},"52":{"start":{"line":81,"column":8},"end":{"line":81,"column":36}},"53":{"start":{"line":82,"column":8},"end":{"line":82,"column":24}},"54":{"start":{"line":86,"column":26},"end":{"line":86,"column":30}},"55":{"start":{"line":87,"column":8},"end":{"line":90,"column":9}},"56":{"start":{"line":88,"column":12},"end":{"line":88,"column":57}},"57":{"start":{"line":89,"column":12},"end":{"line":89,"column":19}},"58":{"start":{"line":91,"column":8},"end":{"line":96,"column":11}},"59":{"start":{"line":92,"column":12},"end":{"line":94,"column":13}},"60":{"start":{"line":93,"column":16},"end":{"line":93,"column":62}},"61":{"start":{"line":95,"column":12},"end":{"line":95,"column":103}},"62":{"start":{"line":97,"column":8},"end":{"line":108,"column":10}},"63":{"start":{"line":99,"column":16},"end":{"line":104,"column":17}},"64":{"start":{"line":100,"column":20},"end":{"line":103,"column":22}},"65":{"start":{"line":106,"column":16},"end":{"line":106,"column":50}},"66":{"start":{"line":114,"column":8},"end":{"line":114,"column":52}},"67":{"start":{"line":114,"column":45},"end":{"line":114,"column":52}},"68":{"start":{"line":115,"column":8},"end":{"line":115,"column":47}},"69":{"start":{"line":116,"column":8},"end":{"line":116,"column":49}},"70":{"start":{"line":120,"column":21},"end":{"line":120,"column":48}},"71":{"start":{"line":121,"column":8},"end":{"line":121,"column":38}},"72":{"start":{"line":121,"column":31},"end":{"line":121,"column":38}},"73":{"start":{"line":122,"column":8},"end":{"line":122,"column":33}},"74":{"start":{"line":123,"column":8},"end":{"line":123,"column":49}},"75":{"start":{"line":127,"column":8},"end":{"line":129,"column":9}},"76":{"start":{"line":128,"column":12},"end":{"line":128,"column":19}},"77":{"start":{"line":130,"column":8},"end":{"line":132,"column":10}},"78":{"start":{"line":131,"column":12},"end":{"line":131,"column":90}},"79":{"start":{"line":136,"column":41},"end":{"line":136,"column":45}},"80":{"start":{"line":137,"column":8},"end":{"line":150,"column":10}},"81":{"start":{"line":138,"column":12},"end":{"line":140,"column":13}},"82":{"start":{"line":139,"column":16},"end":{"line":139,"column":23}},"83":{"start":{"line":141,"column":26},"end":{"line":141,"column":89}},"84":{"start":{"line":142,"column":30},"end":{"line":142,"column":65}},"85":{"start":{"line":143,"column":12},"end":{"line":145,"column":13}},"86":{"start":{"line":144,"column":16},"end":{"line":144,"column":23}},"87":{"start":{"line":146,"column":29},"end":{"line":146,"column":45}},"88":{"start":{"line":147,"column":12},"end":{"line":149,"column":13}},"89":{"start":{"line":148,"column":16},"end":{"line":148,"column":27}},"90":{"start":{"line":151,"column":8},"end":{"line":151,"column":84}},"91":{"start":{"line":155,"column":8},"end":{"line":157,"column":9}},"92":{"start":{"line":156,"column":12},"end":{"line":156,"column":19}},"93":{"start":{"line":158,"column":8},"end":{"line":160,"column":10}},"94":{"start":{"line":159,"column":12},"end":{"line":159,"column":90}},"95":{"start":{"line":164,"column":8},"end":{"line":166,"column":9}},"96":{"start":{"line":165,"column":12},"end":{"line":165,"column":19}},"97":{"start":{"line":167,"column":8},"end":{"line":173,"column":9}},"98":{"start":{"line":168,"column":32},"end":{"line":168,"column":62}},"99":{"start":{"line":169,"column":12},"end":{"line":171,"column":13}},"100":{"start":{"line":170,"column":16},"end":{"line":170,"column":57}},"101":{"start":{"line":172,"column":12},"end":{"line":172,"column":60}},"102":{"start":{"line":177,"column":8},"end":{"line":177,"column":119}},"103":{"start":{"line":181,"column":8},"end":{"line":187,"column":11}},"104":{"start":{"line":182,"column":12},"end":{"line":186,"column":13}},"105":{"start":{"line":183,"column":32},"end":{"line":183,"column":73}},"106":{"start":{"line":184,"column":16},"end":{"line":184,"column":108}},"107":{"start":{"line":184,"column":53},"end":{"line":184,"column":105}},"108":{"start":{"line":185,"column":16},"end":{"line":185,"column":87}},"109":{"start":{"line":188,"column":8},"end":{"line":188,"column":38}},"110":{"start":{"line":192,"column":8},"end":{"line":211,"column":11}},"111":{"start":{"line":193,"column":25},"end":{"line":193,"column":89}},"112":{"start":{"line":195,"column":32},"end":{"line":195,"column":72}},"113":{"start":{"line":196,"column":12},"end":{"line":198,"column":13}},"114":{"start":{"line":197,"column":16},"end":{"line":197,"column":52}},"115":{"start":{"line":200,"column":12},"end":{"line":202,"column":13}},"116":{"start":{"line":201,"column":16},"end":{"line":201,"column":62}},"117":{"start":{"line":204,"column":12},"end":{"line":206,"column":13}},"118":{"start":{"line":205,"column":16},"end":{"line":205,"column":46}},"119":{"start":{"line":208,"column":12},"end":{"line":208,"column":55}},"120":{"start":{"line":210,"column":12},"end":{"line":210,"column":34}},"121":{"start":{"line":215,"column":8},"end":{"line":215,"column":45}},"122":{"start":{"line":216,"column":8},"end":{"line":216,"column":76}},"123":{"start":{"line":216,"column":46},"end":{"line":216,"column":74}},"124":{"start":{"line":220,"column":8},"end":{"line":220,"column":44}},"125":{"start":{"line":227,"column":8},"end":{"line":227,"column":47}},"126":{"start":{"line":232,"column":8},"end":{"line":232,"column":41}},"127":{"start":{"line":233,"column":23},"end":{"line":233,"column":48}},"128":{"start":{"line":234,"column":30},"end":{"line":234,"column":41}},"129":{"start":{"line":235,"column":8},"end":{"line":235,"column":38}},"130":{"start":{"line":236,"column":8},"end":{"line":236,"column":28}},"131":{"start":{"line":237,"column":8},"end":{"line":239,"column":9}},"132":{"start":{"line":238,"column":12},"end":{"line":238,"column":44}},"133":{"start":{"line":240,"column":8},"end":{"line":240,"column":36}},"134":{"start":{"line":241,"column":8},"end":{"line":241,"column":37}},"135":{"start":{"line":243,"column":8},"end":{"line":243,"column":42}},"136":{"start":{"line":244,"column":8},"end":{"line":244,"column":29}},"137":{"start":{"line":248,"column":8},"end":{"line":248,"column":44}},"138":{"start":{"line":249,"column":8},"end":{"line":249,"column":40}},"139":{"start":{"line":253,"column":8},"end":{"line":255,"column":9}},"140":{"start":{"line":254,"column":12},"end":{"line":254,"column":36}},"141":{"start":{"line":256,"column":8},"end":{"line":258,"column":9}},"142":{"start":{"line":257,"column":12},"end":{"line":257,"column":38}},"143":{"start":{"line":259,"column":8},"end":{"line":261,"column":9}},"144":{"start":{"line":260,"column":12},"end":{"line":260,"column":39}},"145":{"start":{"line":265,"column":8},"end":{"line":270,"column":9}},"146":{"start":{"line":266,"column":25},"end":{"line":266,"column":39}},"147":{"start":{"line":267,"column":12},"end":{"line":269,"column":13}},"148":{"start":{"line":268,"column":16},"end":{"line":268,"column":32}},"149":{"start":{"line":274,"column":8},"end":{"line":274,"column":66}},"150":{"start":{"line":278,"column":8},"end":{"line":278,"column":61}},"151":{"start":{"line":282,"column":8},"end":{"line":287,"column":10}},"152":{"start":{"line":283,"column":12},"end":{"line":286,"column":14}},"153":{"start":{"line":284,"column":16},"end":{"line":284,"column":23}},"154":{"start":{"line":285,"column":16},"end":{"line":285,"column":26}}},"fnMap":{"0":{"name":"(anonymous_0)","decl":{"start":{"line":22,"column":4},"end":{"line":22,"column":5}},"loc":{"start":{"line":22,"column":38},"end":{"line":33,"column":5}},"line":22},"1":{"name":"(anonymous_1)","decl":{"start":{"line":37,"column":4},"end":{"line":37,"column":5}},"loc":{"start":{"line":37,"column":18},"end":{"line":71,"column":5}},"line":37},"2":{"name":"(anonymous_2)","decl":{"start":{"line":48,"column":53},"end":{"line":48,"column":54}},"loc":{"start":{"line":48,"column":70},"end":{"line":53,"column":13}},"line":48},"3":{"name":"(anonymous_3)","decl":{"start":{"line":55,"column":33},"end":{"line":55,"column":34}},"loc":{"start":{"line":55,"column":45},"end":{"line":55,"column":47}},"line":55},"4":{"name":"(anonymous_4)","decl":{"start":{"line":56,"column":40},"end":{"line":56,"column":41}},"loc":{"start":{"line":56,"column":52},"end":{"line":56,"column":61}},"line":56},"5":{"name":"(anonymous_5)","decl":{"start":{"line":59,"column":12},"end":{"line":59,"column":13}},"loc":{"start":{"line":60,"column":16},"end":{"line":66,"column":17}},"line":60},"6":{"name":"(anonymous_6)","decl":{"start":{"line":60,"column":44},"end":{"line":60,"column":45}},"loc":{"start":{"line":61,"column":20},"end":{"line":65,"column":22}},"line":61},"7":{"name":"(anonymous_7)","decl":{"start":{"line":67,"column":23},"end":{"line":67,"column":24}},"loc":{"start":{"line":67,"column":29},"end":{"line":69,"column":13}},"line":67},"8":{"name":"(anonymous_8)","decl":{"start":{"line":73,"column":4},"end":{"line":73,"column":5}},"loc":{"start":{"line":73,"column":21},"end":{"line":83,"column":5}},"line":73},"9":{"name":"(anonymous_9)","decl":{"start":{"line":85,"column":4},"end":{"line":85,"column":5}},"loc":{"start":{"line":85,"column":43},"end":{"line":109,"column":5}},"line":85},"10":{"name":"(anonymous_10)","decl":{"start":{"line":91,"column":49},"end":{"line":91,"column":50}},"loc":{"start":{"line":91,"column":66},"end":{"line":96,"column":9}},"line":91},"11":{"name":"(anonymous_11)","decl":{"start":{"line":98,"column":12},"end":{"line":98,"column":13}},"loc":{"start":{"line":99,"column":16},"end":{"line":104,"column":17}},"line":99},"12":{"name":"(anonymous_12)","decl":{"start":{"line":99,"column":44},"end":{"line":99,"column":45}},"loc":{"start":{"line":100,"column":20},"end":{"line":103,"column":22}},"line":100},"13":{"name":"(anonymous_13)","decl":{"start":{"line":105,"column":23},"end":{"line":105,"column":24}},"loc":{"start":{"line":105,"column":29},"end":{"line":107,"column":13}},"line":105},"14":{"name":"(anonymous_14)","decl":{"start":{"line":113,"column":4},"end":{"line":113,"column":5}},"loc":{"start":{"line":113,"column":31},"end":{"line":117,"column":5}},"line":113},"15":{"name":"(anonymous_15)","decl":{"start":{"line":119,"column":4},"end":{"line":119,"column":5}},"loc":{"start":{"line":119,"column":28},"end":{"line":124,"column":5}},"line":119},"16":{"name":"(anonymous_16)","decl":{"start":{"line":126,"column":4},"end":{"line":126,"column":5}},"loc":{"start":{"line":126,"column":26},"end":{"line":133,"column":5}},"line":126},"17":{"name":"(anonymous_17)","decl":{"start":{"line":130,"column":54},"end":{"line":130,"column":55}},"loc":{"start":{"line":131,"column":12},"end":{"line":131,"column":90}},"line":131},"18":{"name":"(anonymous_18)","decl":{"start":{"line":135,"column":4},"end":{"line":135,"column":5}},"loc":{"start":{"line":135,"column":75},"end":{"line":152,"column":5}},"line":135},"19":{"name":"(anonymous_19)","decl":{"start":{"line":137,"column":50},"end":{"line":137,"column":51}},"loc":{"start":{"line":137,"column":64},"end":{"line":150,"column":9}},"line":137},"20":{"name":"(anonymous_20)","decl":{"start":{"line":154,"column":4},"end":{"line":154,"column":5}},"loc":{"start":{"line":154,"column":29},"end":{"line":161,"column":5}},"line":154},"21":{"name":"(anonymous_21)","decl":{"start":{"line":158,"column":54},"end":{"line":158,"column":55}},"loc":{"start":{"line":159,"column":12},"end":{"line":159,"column":90}},"line":159},"22":{"name":"(anonymous_22)","decl":{"start":{"line":163,"column":4},"end":{"line":163,"column":5}},"loc":{"start":{"line":163,"column":30},"end":{"line":174,"column":5}},"line":163},"23":{"name":"(anonymous_23)","decl":{"start":{"line":176,"column":4},"end":{"line":176,"column":5}},"loc":{"start":{"line":176,"column":41},"end":{"line":178,"column":5}},"line":176},"24":{"name":"(anonymous_24)","decl":{"start":{"line":180,"column":4},"end":{"line":180,"column":5}},"loc":{"start":{"line":180,"column":29},"end":{"line":189,"column":5}},"line":180},"25":{"name":"(anonymous_25)","decl":{"start":{"line":181,"column":34},"end":{"line":181,"column":35}},"loc":{"start":{"line":181,"column":63},"end":{"line":187,"column":9}},"line":181},"26":{"name":"(anonymous_26)","decl":{"start":{"line":184,"column":45},"end":{"line":184,"column":46}},"loc":{"start":{"line":184,"column":53},"end":{"line":184,"column":105}},"line":184},"27":{"name":"(anonymous_27)","decl":{"start":{"line":191,"column":4},"end":{"line":191,"column":5}},"loc":{"start":{"line":191,"column":20},"end":{"line":212,"column":5}},"line":191},"28":{"name":"(anonymous_28)","decl":{"start":{"line":192,"column":34},"end":{"line":192,"column":35}},"loc":{"start":{"line":192,"column":110},"end":{"line":211,"column":9}},"line":192},"29":{"name":"(anonymous_29)","decl":{"start":{"line":214,"column":4},"end":{"line":214,"column":5}},"loc":{"start":{"line":214,"column":21},"end":{"line":217,"column":5}},"line":214},"30":{"name":"(anonymous_30)","decl":{"start":{"line":216,"column":34},"end":{"line":216,"column":35}},"loc":{"start":{"line":216,"column":46},"end":{"line":216,"column":74}},"line":216},"31":{"name":"(anonymous_31)","decl":{"start":{"line":219,"column":4},"end":{"line":219,"column":5}},"loc":{"start":{"line":219,"column":20},"end":{"line":224,"column":5}},"line":219},"32":{"name":"(anonymous_32)","decl":{"start":{"line":226,"column":4},"end":{"line":226,"column":5}},"loc":{"start":{"line":226,"column":23},"end":{"line":229,"column":5}},"line":226},"33":{"name":"(anonymous_33)","decl":{"start":{"line":231,"column":4},"end":{"line":231,"column":5}},"loc":{"start":{"line":231,"column":17},"end":{"line":245,"column":5}},"line":231},"34":{"name":"(anonymous_34)","decl":{"start":{"line":247,"column":4},"end":{"line":247,"column":5}},"loc":{"start":{"line":247,"column":20},"end":{"line":250,"column":5}},"line":247},"35":{"name":"(anonymous_35)","decl":{"start":{"line":252,"column":4},"end":{"line":252,"column":5}},"loc":{"start":{"line":252,"column":25},"end":{"line":262,"column":5}},"line":252},"36":{"name":"(anonymous_36)","decl":{"start":{"line":264,"column":4},"end":{"line":264,"column":5}},"loc":{"start":{"line":264,"column":29},"end":{"line":271,"column":5}},"line":264},"37":{"name":"(anonymous_37)","decl":{"start":{"line":273,"column":4},"end":{"line":273,"column":5}},"loc":{"start":{"line":273,"column":31},"end":{"line":275,"column":5}},"line":273},"38":{"name":"(anonymous_38)","decl":{"start":{"line":277,"column":4},"end":{"line":277,"column":5}},"loc":{"start":{"line":277,"column":34},"end":{"line":279,"column":5}},"line":277},"39":{"name":"(anonymous_39)","decl":{"start":{"line":281,"column":4},"end":{"line":281,"column":5}},"loc":{"start":{"line":281,"column":36},"end":{"line":288,"column":5}},"line":281},"40":{"name":"(anonymous_40)","decl":{"start":{"line":282,"column":27},"end":{"line":282,"column":28}},"loc":{"start":{"line":283,"column":12},"end":{"line":286,"column":14}},"line":283},"41":{"name":"(anonymous_41)","decl":{"start":{"line":283,"column":23},"end":{"line":283,"column":24}},"loc":{"start":{"line":283,"column":29},"end":{"line":286,"column":13}},"line":283}},"branchMap":{"0":{"loc":{"start":{"line":22,"column":24},"end":{"line":22,"column":36}},"type":"default-arg","locations":[{"start":{"line":22,"column":34},"end":{"line":22,"column":36}}],"line":22},"1":{"loc":{"start":{"line":44,"column":8},"end":{"line":46,"column":9}},"type":"if","locations":[{"start":{"line":44,"column":8},"end":{"line":46,"column":9}},{"start":{"line":44,"column":8},"end":{"line":46,"column":9}}],"line":44},"2":{"loc":{"start":{"line":49,"column":16},"end":{"line":51,"column":17}},"type":"if","locations":[{"start":{"line":49,"column":16},"end":{"line":51,"column":17}},{"start":{"line":49,"column":16},"end":{"line":51,"column":17}}],"line":49},"3":{"loc":{"start":{"line":85,"column":17},"end":{"line":85,"column":41}},"type":"default-arg","locations":[{"start":{"line":85,"column":39},"end":{"line":85,"column":41}}],"line":85},"4":{"loc":{"start":{"line":87,"column":8},"end":{"line":90,"column":9}},"type":"if","locations":[{"start":{"line":87,"column":8},"end":{"line":90,"column":9}},{"start":{"line":87,"column":8},"end":{"line":90,"column":9}}],"line":87},"5":{"loc":{"start":{"line":92,"column":12},"end":{"line":94,"column":13}},"type":"if","locations":[{"start":{"line":92,"column":12},"end":{"line":94,"column":13}},{"start":{"line":92,"column":12},"end":{"line":94,"column":13}}],"line":92},"6":{"loc":{"start":{"line":114,"column":8},"end":{"line":114,"column":52}},"type":"if","locations":[{"start":{"line":114,"column":8},"end":{"line":114,"column":52}},{"start":{"line":114,"column":8},"end":{"line":114,"column":52}}],"line":114},"7":{"loc":{"start":{"line":121,"column":8},"end":{"line":121,"column":38}},"type":"if","locations":[{"start":{"line":121,"column":8},"end":{"line":121,"column":38}},{"start":{"line":121,"column":8},"end":{"line":121,"column":38}}],"line":121},"8":{"loc":{"start":{"line":127,"column":8},"end":{"line":129,"column":9}},"type":"if","locations":[{"start":{"line":127,"column":8},"end":{"line":129,"column":9}},{"start":{"line":127,"column":8},"end":{"line":129,"column":9}}],"line":127},"9":{"loc":{"start":{"line":138,"column":12},"end":{"line":140,"column":13}},"type":"if","locations":[{"start":{"line":138,"column":12},"end":{"line":140,"column":13}},{"start":{"line":138,"column":12},"end":{"line":140,"column":13}}],"line":138},"10":{"loc":{"start":{"line":138,"column":16},"end":{"line":138,"column":85}},"type":"binary-expr","locations":[{"start":{"line":138,"column":16},"end":{"line":138,"column":40}},{"start":{"line":138,"column":44},"end":{"line":138,"column":85}}],"line":138},"11":{"loc":{"start":{"line":141,"column":29},"end":{"line":141,"column":46}},"type":"binary-expr","locations":[{"start":{"line":141,"column":29},"end":{"line":141,"column":40}},{"start":{"line":141,"column":44},"end":{"line":141,"column":46}}],"line":141},"12":{"loc":{"start":{"line":143,"column":12},"end":{"line":145,"column":13}},"type":"if","locations":[{"start":{"line":143,"column":12},"end":{"line":145,"column":13}},{"start":{"line":143,"column":12},"end":{"line":145,"column":13}}],"line":143},"13":{"loc":{"start":{"line":147,"column":12},"end":{"line":149,"column":13}},"type":"if","locations":[{"start":{"line":147,"column":12},"end":{"line":149,"column":13}},{"start":{"line":147,"column":12},"end":{"line":149,"column":13}}],"line":147},"14":{"loc":{"start":{"line":155,"column":8},"end":{"line":157,"column":9}},"type":"if","locations":[{"start":{"line":155,"column":8},"end":{"line":157,"column":9}},{"start":{"line":155,"column":8},"end":{"line":157,"column":9}}],"line":155},"15":{"loc":{"start":{"line":164,"column":8},"end":{"line":166,"column":9}},"type":"if","locations":[{"start":{"line":164,"column":8},"end":{"line":166,"column":9}},{"start":{"line":164,"column":8},"end":{"line":166,"column":9}}],"line":164},"16":{"loc":{"start":{"line":177,"column":15},"end":{"line":177,"column":118}},"type":"cond-expr","locations":[{"start":{"line":177,"column":74},"end":{"line":177,"column":111}},{"start":{"line":177,"column":114},"end":{"line":177,"column":118}}],"line":177},"17":{"loc":{"start":{"line":177,"column":15},"end":{"line":177,"column":71}},"type":"binary-expr","locations":[{"start":{"line":177,"column":15},"end":{"line":177,"column":30}},{"start":{"line":177,"column":34},"end":{"line":177,"column":71}}],"line":177},"18":{"loc":{"start":{"line":182,"column":12},"end":{"line":186,"column":13}},"type":"if","locations":[{"start":{"line":182,"column":12},"end":{"line":186,"column":13}},{"start":{"line":182,"column":12},"end":{"line":186,"column":13}}],"line":182},"19":{"loc":{"start":{"line":192,"column":65},"end":{"line":192,"column":79}},"type":"default-arg","locations":[{"start":{"line":192,"column":77},"end":{"line":192,"column":79}}],"line":192},"20":{"loc":{"start":{"line":193,"column":53},"end":{"line":193,"column":77}},"type":"binary-expr","locations":[{"start":{"line":193,"column":53},"end":{"line":193,"column":57}},{"start":{"line":193,"column":61},"end":{"line":193,"column":77}}],"line":193},"21":{"loc":{"start":{"line":196,"column":12},"end":{"line":198,"column":13}},"type":"if","locations":[{"start":{"line":196,"column":12},"end":{"line":198,"column":13}},{"start":{"line":196,"column":12},"end":{"line":198,"column":13}}],"line":196},"22":{"loc":{"start":{"line":200,"column":12},"end":{"line":202,"column":13}},"type":"if","locations":[{"start":{"line":200,"column":12},"end":{"line":202,"column":13}},{"start":{"line":200,"column":12},"end":{"line":202,"column":13}}],"line":200},"23":{"loc":{"start":{"line":200,"column":16},"end":{"line":200,"column":90}},"type":"binary-expr","locations":[{"start":{"line":200,"column":16},"end":{"line":200,"column":32}},{"start":{"line":200,"column":36},"end":{"line":200,"column":59}},{"start":{"line":200,"column":63},"end":{"line":200,"column":90}}],"line":200},"24":{"loc":{"start":{"line":253,"column":8},"end":{"line":255,"column":9}},"type":"if","locations":[{"start":{"line":253,"column":8},"end":{"line":255,"column":9}},{"start":{"line":253,"column":8},"end":{"line":255,"column":9}}],"line":253},"25":{"loc":{"start":{"line":256,"column":8},"end":{"line":258,"column":9}},"type":"if","locations":[{"start":{"line":256,"column":8},"end":{"line":258,"column":9}},{"start":{"line":256,"column":8},"end":{"line":258,"column":9}}],"line":256},"26":{"loc":{"start":{"line":259,"column":8},"end":{"line":261,"column":9}},"type":"if","locations":[{"start":{"line":259,"column":8},"end":{"line":261,"column":9}},{"start":{"line":259,"column":8},"end":{"line":261,"column":9}}],"line":259},"27":{"loc":{"start":{"line":267,"column":12},"end":{"line":269,"column":13}},"type":"if","locations":[{"start":{"line":267,"column":12},"end":{"line":269,"column":13}},{"start":{"line":267,"column":12},"end":{"line":269,"column":13}}],"line":267}},"s":{"0":1,"1":1,"2":1,"3":1,"4":1,"5":1,"6":1,"7":1,"8":1,"9":1,"10":1,"11":1,"12":1,"13":1,"14":1,"15":1,"16":1,"17":1,"18":1,"19":43,"20":43,"21":43,"22":43,"23":43,"24":43,"25":43,"26":43,"27":43,"28":43,"29":35,"30":35,"31":35,"32":35,"33":33,"34":2,"35":2,"36":0,"37":0,"38":0,"39":2,"40":2,"41":2,"42":2,"43":2,"44":2,"45":2,"46":2,"47":0,"48":8,"49":8,"50":8,"51":8,"52":8,"53":8,"54":8,"55":8,"56":4,"57":4,"58":4,"59":3,"60":3,"61":3,"62":4,"63":4,"64":4,"65":0,"66":2,"67":0,"68":2,"69":2,"70":4,"71":4,"72":0,"73":4,"74":4,"75":35,"76":0,"77":35,"78":35,"79":35,"80":35,"81":72,"82":24,"83":48,"84":48,"85":48,"86":44,"87":4,"88":4,"89":1,"90":35,"91":8,"92":0,"93":8,"94":8,"95":35,"96":0,"97":35,"98":35,"99":35,"100":105,"101":35,"102":74,"103":2,"104":4,"105":2,"106":2,"107":6,"108":2,"109":2,"110":35,"111":70,"112":70,"113":70,"114":35,"115":70,"116":35,"117":70,"118":70,"119":70,"120":70,"121":35,"122":35,"123":70,"124":35,"125":8,"126":35,"127":35,"128":35,"129":35,"130":35,"131":35,"132":245,"133":35,"134":35,"135":35,"136":35,"137":8,"138":8,"139":43,"140":1,"141":43,"142":1,"143":43,"144":1,"145":121,"146":25,"147":25,"148":25,"149":49,"150":49,"151":98,"152":98,"153":98,"154":98},"f":{"0":43,"1":35,"2":0,"3":2,"4":2,"5":2,"6":2,"7":0,"8":8,"9":8,"10":3,"11":4,"12":4,"13":0,"14":2,"15":4,"16":35,"17":35,"18":35,"19":72,"20":8,"21":8,"22":35,"23":74,"24":2,"25":4,"26":6,"27":35,"28":70,"29":35,"30":70,"31":35,"32":8,"33":35,"34":8,"35":43,"36":121,"37":49,"38":49,"39":98,"40":98,"41":98},"b":{"0":[33],"1":[33,2],"2":[0,0],"3":[5],"4":[4,4],"5":[3,0],"6":[0,2],"7":[0,4],"8":[0,35],"9":[24,48],"10":[72,48],"11":[48,0],"12":[44,4],"13":[1,3],"14":[0,8],"15":[0,35],"16":[37,37],"17":[74,37],"18":[2,2],"19":[0],"20":[70,35],"21":[35,35],"22":[35,35],"23":[70,35,35],"24":[1,42],"25":[1,42],"26":[1,42],"27":[25,0]},"_coverageSchema":"332fd63041d2c1bcb487cc26dd0d5f7d97098a6c","hash":"1858d3a42ed447d1f4d348c055a2c309e9bb641e"}
,"/Users/ajacquemin/Desktop/testLocal/src/lib/react-prebid-rubicon/src/AdvertisingContext.js": {"path":"/Users/ajacquemin/Desktop/testLocal/src/lib/react-prebid-rubicon/src/AdvertisingContext.js","statementMap":{},"fnMap":{"0":{"name":"(anonymous_0)","decl":{"start":{"line":2,"column":35},"end":{"line":2,"column":36}},"loc":{"start":{"line":2,"column":41},"end":{"line":2,"column":43}},"line":2}},"branchMap":{},"s":{},"f":{"0":0},"b":{},"_coverageSchema":"332fd63041d2c1bcb487cc26dd0d5f7d97098a6c","hash":"d022d5b3456c32fee4ab857f08fe8aa7f180bd54"}
,"/Users/ajacquemin/Desktop/testLocal/src/lib/react-prebid-rubicon/src/components/AdvertisingProvider.js": {"path":"/Users/ajacquemin/Desktop/testLocal/src/lib/react-prebid-rubicon/src/components/AdvertisingProvider.js","statementMap":{"0":{"start":{"line":9,"column":8},"end":{"line":9,"column":21}},"1":{"start":{"line":10,"column":8},"end":{"line":10,"column":72}},"2":{"start":{"line":11,"column":8},"end":{"line":11,"column":73}},"3":{"start":{"line":15,"column":8},"end":{"line":17,"column":9}},"4":{"start":{"line":16,"column":12},"end":{"line":16,"column":37}},"5":{"start":{"line":21,"column":8},"end":{"line":23,"column":9}},"6":{"start":{"line":22,"column":12},"end":{"line":22,"column":37}},"7":{"start":{"line":27,"column":8},"end":{"line":29,"column":9}},"8":{"start":{"line":28,"column":12},"end":{"line":28,"column":40}},"9":{"start":{"line":33,"column":23},"end":{"line":33,"column":40}},"10":{"start":{"line":34,"column":8},"end":{"line":34,"column":146}},"11":{"start":{"line":38,"column":0},"end":{"line":50,"column":2}},"12":{"start":{"line":52,"column":0},"end":{"line":54,"column":2}}},"fnMap":{"0":{"name":"(anonymous_0)","decl":{"start":{"line":8,"column":4},"end":{"line":8,"column":5}},"loc":{"start":{"line":8,"column":23},"end":{"line":12,"column":5}},"line":8},"1":{"name":"(anonymous_1)","decl":{"start":{"line":14,"column":4},"end":{"line":14,"column":5}},"loc":{"start":{"line":14,"column":24},"end":{"line":18,"column":5}},"line":14},"2":{"name":"(anonymous_2)","decl":{"start":{"line":20,"column":4},"end":{"line":20,"column":5}},"loc":{"start":{"line":20,"column":25},"end":{"line":24,"column":5}},"line":20},"3":{"name":"(anonymous_3)","decl":{"start":{"line":26,"column":4},"end":{"line":26,"column":5}},"loc":{"start":{"line":26,"column":27},"end":{"line":30,"column":5}},"line":26},"4":{"name":"(anonymous_4)","decl":{"start":{"line":32,"column":4},"end":{"line":32,"column":5}},"loc":{"start":{"line":32,"column":13},"end":{"line":35,"column":5}},"line":32}},"branchMap":{"0":{"loc":{"start":{"line":15,"column":8},"end":{"line":17,"column":9}},"type":"if","locations":[{"start":{"line":15,"column":8},"end":{"line":17,"column":9}},{"start":{"line":15,"column":8},"end":{"line":17,"column":9}}],"line":15},"1":{"loc":{"start":{"line":21,"column":8},"end":{"line":23,"column":9}},"type":"if","locations":[{"start":{"line":21,"column":8},"end":{"line":23,"column":9}},{"start":{"line":21,"column":8},"end":{"line":23,"column":9}}],"line":21},"2":{"loc":{"start":{"line":27,"column":8},"end":{"line":29,"column":9}},"type":"if","locations":[{"start":{"line":27,"column":8},"end":{"line":29,"column":9}},{"start":{"line":27,"column":8},"end":{"line":29,"column":9}}],"line":27}},"s":{"0":5,"1":5,"2":5,"3":5,"4":4,"5":0,"6":0,"7":0,"8":0,"9":5,"10":5,"11":1,"12":1},"f":{"0":5,"1":5,"2":0,"3":0,"4":5},"b":{"0":[4,1],"1":[0,0],"2":[0,0]},"_coverageSchema":"332fd63041d2c1bcb487cc26dd0d5f7d97098a6c","hash":"08de0cb0dd1dc627dcde9d3c0cf30b297ae47091"}
,"/Users/ajacquemin/Desktop/testLocal/src/lib/react-prebid-rubicon/src/components/AdvertisingSlot.js": {"path":"/Users/ajacquemin/Desktop/testLocal/src/lib/react-prebid-rubicon/src/components/AdvertisingSlot.js","statementMap":{"0":{"start":{"line":7,"column":62},"end":{"line":7,"column":72}},"1":{"start":{"line":8,"column":8},"end":{"line":10,"column":9}},"2":{"start":{"line":9,"column":12},"end":{"line":9,"column":46}},"3":{"start":{"line":13,"column":62},"end":{"line":13,"column":72}},"4":{"start":{"line":14,"column":8},"end":{"line":16,"column":9}},"5":{"start":{"line":15,"column":12},"end":{"line":15,"column":46}},"6":{"start":{"line":19,"column":51},"end":{"line":19,"column":61}},"7":{"start":{"line":20,"column":8},"end":{"line":20,"column":87}},"8":{"start":{"line":24,"column":0},"end":{"line":32,"column":2}},"9":{"start":{"line":34,"column":0},"end":{"line":36,"column":2}}},"fnMap":{"0":{"name":"(anonymous_0)","decl":{"start":{"line":6,"column":4},"end":{"line":6,"column":5}},"loc":{"start":{"line":6,"column":24},"end":{"line":11,"column":5}},"line":6},"1":{"name":"(anonymous_1)","decl":{"start":{"line":12,"column":4},"end":{"line":12,"column":5}},"loc":{"start":{"line":12,"column":25},"end":{"line":17,"column":5}},"line":12},"2":{"name":"(anonymous_2)","decl":{"start":{"line":18,"column":4},"end":{"line":18,"column":5}},"loc":{"start":{"line":18,"column":13},"end":{"line":21,"column":5}},"line":18}},"branchMap":{"0":{"loc":{"start":{"line":8,"column":8},"end":{"line":10,"column":9}},"type":"if","locations":[{"start":{"line":8,"column":8},"end":{"line":10,"column":9}},{"start":{"line":8,"column":8},"end":{"line":10,"column":9}}],"line":8},"1":{"loc":{"start":{"line":14,"column":8},"end":{"line":16,"column":9}},"type":"if","locations":[{"start":{"line":14,"column":8},"end":{"line":16,"column":9}},{"start":{"line":14,"column":8},"end":{"line":16,"column":9}}],"line":14}},"s":{"0":3,"1":3,"2":3,"3":0,"4":0,"5":0,"6":3,"7":3,"8":3,"9":3},"f":{"0":3,"1":0,"2":3},"b":{"0":[3,0],"1":[0,0]},"_coverageSchema":"332fd63041d2c1bcb487cc26dd0d5f7d97098a6c","hash":"b65908647a6b63e4c70377aeb50ea03e63e4974e"}
,"/Users/ajacquemin/Desktop/testLocal/src/lib/react-prebid-rubicon/src/components/utils/AdvertisingConfigPropType.js": {"path":"/Users/ajacquemin/Desktop/testLocal/src/lib/react-prebid-rubicon/src/components/utils/AdvertisingConfigPropType.js","statementMap":{},"fnMap":{},"branchMap":{},"s":{},"f":{},"b":{},"_coverageSchema":"332fd63041d2c1bcb487cc26dd0d5f7d97098a6c","hash":"47b31fafef03bd2e71b9c3b028a570679d187270"}
,"/Users/ajacquemin/Desktop/testLocal/src/lib/react-prebid-rubicon/src/components/utils/AdvertisingSlotConfigPropType.js": {"path":"/Users/ajacquemin/Desktop/testLocal/src/lib/react-prebid-rubicon/src/components/utils/AdvertisingSlotConfigPropType.js","statementMap":{},"fnMap":{},"branchMap":{},"s":{},"f":{},"b":{},"_coverageSchema":"332fd63041d2c1bcb487cc26dd0d5f7d97098a6c","hash":"5bef9e2ec3d31fe4cc90274b4aac5ec99e207795"}
,"/Users/ajacquemin/Desktop/testLocal/src/lib/react-prebid-rubicon/src/components/utils/connectToAdServer.js": {"path":"/Users/ajacquemin/Desktop/testLocal/src/lib/react-prebid-rubicon/src/components/utils/connectToAdServer.js","statementMap":{"0":{"start":{"line":4,"column":28},"end":{"line":8,"column":1}},"1":{"start":{"line":5,"column":4},"end":{"line":7,"column":34}},"2":{"start":{"line":6,"column":33},"end":{"line":6,"column":93}}},"fnMap":{"0":{"name":"(anonymous_0)","decl":{"start":{"line":4,"column":15},"end":{"line":4,"column":16}},"loc":{"start":{"line":4,"column":28},"end":{"line":8,"column":1}},"line":4},"1":{"name":"(anonymous_1)","decl":{"start":{"line":4,"column":28},"end":{"line":4,"column":29}},"loc":{"start":{"line":5,"column":4},"end":{"line":7,"column":34}},"line":5},"2":{"name":"(anonymous_2)","decl":{"start":{"line":6,"column":9},"end":{"line":6,"column":10}},"loc":{"start":{"line":6,"column":33},"end":{"line":6,"column":93}},"line":6}},"branchMap":{},"s":{"0":1,"1":1,"2":1},"f":{"0":1,"1":1,"2":1},"b":{},"_coverageSchema":"332fd63041d2c1bcb487cc26dd0d5f7d97098a6c","hash":"ddb500cda284f38e8db374572c71cb494aa7be34"}
,"/Users/ajacquemin/Desktop/testLocal/src/lib/react-prebid-rubicon/src/utils/setupTests.js": {"path":"/Users/ajacquemin/Desktop/testLocal/src/lib/react-prebid-rubicon/src/utils/setupTests.js","statementMap":{"0":{"start":{"line":7,"column":0},"end":{"line":7,"column":38}},"1":{"start":{"line":9,"column":0},"end":{"line":9,"column":14}},"2":{"start":{"line":10,"column":0},"end":{"line":10,"column":20}},"3":{"start":{"line":11,"column":0},"end":{"line":11,"column":23}},"4":{"start":{"line":14,"column":20},"end":{"line":14,"column":88}},"5":{"start":{"line":15,"column":0},"end":{"line":24,"column":3}},"6":{"start":{"line":17,"column":8},"end":{"line":17,"column":46}},"7":{"start":{"line":18,"column":8},"end":{"line":18,"column":39}},"8":{"start":{"line":21,"column":8},"end":{"line":21,"column":34}},"9":{"start":{"line":22,"column":8},"end":{"line":22,"column":22}},"10":{"start":{"line":27,"column":19},"end":{"line":27,"column":32}},"11":{"start":{"line":29,"column":0},"end":{"line":33,"column":2}},"12":{"start":{"line":30,"column":29},"end":{"line":30,"column":47}},"13":{"start":{"line":31,"column":25},"end":{"line":31,"column":44}},"14":{"start":{"line":32,"column":4},"end":{"line":32,"column":57}}},"fnMap":{"0":{"name":"(anonymous_0)","decl":{"start":{"line":29,"column":16},"end":{"line":29,"column":17}},"loc":{"start":{"line":29,"column":26},"end":{"line":33,"column":1}},"line":29}},"branchMap":{},"s":{"0":8,"1":8,"2":8,"3":8,"4":8,"5":8,"6":12,"7":12,"8":98,"9":98,"10":8,"11":8,"12":98,"13":98,"14":98},"f":{"0":98},"b":{},"_coverageSchema":"332fd63041d2c1bcb487cc26dd0d5f7d97098a6c","hash":"39a87698f271889aab1e1dd190186a6a4aa62ab3"}
,"/Users/ajacquemin/Desktop/testLocal/src/lib/react-prebid-rubicon/src/utils/testAdvertisingConfig.js": {"path":"/Users/ajacquemin/Desktop/testLocal/src/lib/react-prebid-rubicon/src/utils/testAdvertisingConfig.js","statementMap":{"0":{"start":{"line":1,"column":26},"end":{"line":1,"column":42}},"1":{"start":{"line":2,"column":20},"end":{"line":2,"column":23}},"2":{"start":{"line":3,"column":25},"end":{"line":3,"column":37}},"3":{"start":{"line":4,"column":19},"end":{"line":4,"column":31}},"4":{"start":{"line":5,"column":19},"end":{"line":5,"column":33}},"5":{"start":{"line":7,"column":26},"end":{"line":7,"column":42}},"6":{"start":{"line":8,"column":20},"end":{"line":8,"column":29}},"7":{"start":{"line":9,"column":25},"end":{"line":9,"column":37}},"8":{"start":{"line":10,"column":19},"end":{"line":10,"column":31}},"9":{"start":{"line":11,"column":19},"end":{"line":11,"column":33}},"10":{"start":{"line":12,"column":27},"end":{"line":12,"column":39}},"11":{"start":{"line":14,"column":18},"end":{"line":14,"column":39}},"12":{"start":{"line":16,"column":28},"end":{"line":16,"column":49}},"13":{"start":{"line":17,"column":26},"end":{"line":17,"column":45}},"14":{"start":{"line":18,"column":24},"end":{"line":18,"column":25}},"15":{"start":{"line":20,"column":22},"end":{"line":108,"column":1}}},"fnMap":{},"branchMap":{},"s":{"0":3,"1":3,"2":3,"3":3,"4":3,"5":3,"6":3,"7":3,"8":3,"9":3,"10":3,"11":3,"12":3,"13":3,"14":3,"15":3},"f":{},"b":{},"_coverageSchema":"332fd63041d2c1bcb487cc26dd0d5f7d97098a6c","hash":"b8e001b82bafc5551b41d0a0d6b1968857b090de"}
}
