TN:
SF:/Users/ajacquemin/Desktop/testLocal/src/lib/react-prebid-rubicon/src/Advertising.js
FN:22,(anonymous_0)
FN:37,(anonymous_1)
FN:48,(anonymous_2)
FN:55,(anonymous_3)
FN:56,(anonymous_4)
FN:59,(anonymous_5)
FN:60,(anonymous_6)
FN:67,(anonymous_7)
FN:73,(anonymous_8)
FN:85,(anonymous_9)
FN:91,(anonymous_10)
FN:98,(anonymous_11)
FN:99,(anonymous_12)
FN:105,(anonymous_13)
FN:113,(anonymous_14)
FN:119,(anonymous_15)
FN:126,(anonymous_16)
FN:130,(anonymous_17)
FN:135,(anonymous_18)
FN:137,(anonymous_19)
FN:154,(anonymous_20)
FN:158,(anonymous_21)
FN:163,(anonymous_22)
FN:176,(anonymous_23)
FN:180,(anonymous_24)
FN:181,(anonymous_25)
FN:184,(anonymous_26)
FN:191,(anonymous_27)
FN:192,(anonymous_28)
FN:214,(anonymous_29)
FN:216,(anonymous_30)
FN:219,(anonymous_31)
FN:226,(anonymous_32)
FN:231,(anonymous_33)
FN:247,(anonymous_34)
FN:252,(anonymous_35)
FN:264,(anonymous_36)
FN:273,(anonymous_37)
FN:277,(anonymous_38)
FN:281,(anonymous_39)
FN:282,(anonymous_40)
FN:283,(anonymous_41)
FNF:42
FNH:39
FNDA:43,(anonymous_0)
FNDA:35,(anonymous_1)
FNDA:0,(anonymous_2)
FNDA:2,(anonymous_3)
FNDA:2,(anonymous_4)
FNDA:2,(anonymous_5)
FNDA:2,(anonymous_6)
FNDA:0,(anonymous_7)
FNDA:8,(anonymous_8)
FNDA:8,(anonymous_9)
FNDA:3,(anonymous_10)
FNDA:4,(anonymous_11)
FNDA:4,(anonymous_12)
FNDA:0,(anonymous_13)
FNDA:2,(anonymous_14)
FNDA:4,(anonymous_15)
FNDA:35,(anonymous_16)
FNDA:35,(anonymous_17)
FNDA:35,(anonymous_18)
FNDA:72,(anonymous_19)
FNDA:8,(anonymous_20)
FNDA:8,(anonymous_21)
FNDA:35,(anonymous_22)
FNDA:74,(anonymous_23)
FNDA:2,(anonymous_24)
FNDA:4,(anonymous_25)
FNDA:6,(anonymous_26)
FNDA:35,(anonymous_27)
FNDA:70,(anonymous_28)
FNDA:35,(anonymous_29)
FNDA:70,(anonymous_30)
FNDA:35,(anonymous_31)
FNDA:8,(anonymous_32)
FNDA:35,(anonymous_33)
FNDA:8,(anonymous_34)
FNDA:43,(anonymous_35)
FNDA:121,(anonymous_36)
FNDA:49,(anonymous_37)
FNDA:49,(anonymous_38)
FNDA:98,(anonymous_39)
FNDA:98,(anonymous_40)
FNDA:98,(anonymous_41)
DA:1,1
DA:2,1
DA:3,1
DA:4,1
DA:5,1
DA:6,1
DA:7,1
DA:8,1
DA:9,1
DA:10,1
DA:11,1
DA:12,1
DA:13,1
DA:14,1
DA:15,1
DA:16,1
DA:17,1
DA:18,1
DA:19,1
DA:23,43
DA:24,43
DA:25,43
DA:26,43
DA:27,43
DA:28,43
DA:29,43
DA:30,43
DA:31,43
DA:32,43
DA:38,35
DA:39,35
DA:40,35
DA:44,35
DA:45,33
DA:47,2
DA:48,2
DA:49,0
DA:50,0
DA:52,0
DA:55,2
DA:56,2
DA:57,2
DA:58,2
DA:60,2
DA:61,2
DA:68,0
DA:74,8
DA:75,8
DA:79,8
DA:80,8
DA:81,8
DA:82,8
DA:86,8
DA:87,8
DA:88,4
DA:89,4
DA:91,4
DA:92,3
DA:93,3
DA:95,3
DA:97,4
DA:99,4
DA:100,4
DA:106,0
DA:114,2
DA:115,2
DA:116,2
DA:120,4
DA:121,4
DA:122,4
DA:123,4
DA:127,35
DA:128,0
DA:130,35
DA:131,35
DA:136,35
DA:137,35
DA:138,72
DA:139,24
DA:141,48
DA:142,48
DA:143,48
DA:144,44
DA:146,4
DA:147,4
DA:148,1
DA:151,35
DA:155,8
DA:156,0
DA:158,8
DA:159,8
DA:164,35
DA:165,0
DA:167,35
DA:168,35
DA:169,35
DA:170,105
DA:172,35
DA:177,74
DA:181,2
DA:182,4
DA:183,2
DA:184,6
DA:185,2
DA:188,2
DA:192,35
DA:193,70
DA:195,70
DA:196,70
DA:197,35
DA:200,70
DA:201,35
DA:204,70
DA:205,70
DA:208,70
DA:210,70
DA:215,35
DA:216,70
DA:220,35
DA:227,8
DA:232,35
DA:233,35
DA:234,35
DA:235,35
DA:236,35
DA:237,35
DA:238,245
DA:240,35
DA:241,35
DA:243,35
DA:244,35
DA:248,8
DA:249,8
DA:253,43
DA:254,1
DA:256,43
DA:257,1
DA:259,43
DA:260,1
DA:265,121
DA:266,25
DA:267,25
DA:268,25
DA:274,49
DA:278,49
DA:282,98
DA:283,98
DA:284,98
DA:285,98
LF:149
LH:141
BRDA:22,0,0,33
BRDA:44,1,0,33
BRDA:44,1,1,2
BRDA:49,2,0,0
BRDA:49,2,1,0
BRDA:85,3,0,5
BRDA:87,4,0,4
BRDA:87,4,1,4
BRDA:92,5,0,3
BRDA:92,5,1,0
BRDA:114,6,0,0
BRDA:114,6,1,2
BRDA:121,7,0,0
BRDA:121,7,1,4
BRDA:127,8,0,0
BRDA:127,8,1,35
BRDA:138,9,0,24
BRDA:138,9,1,48
BRDA:138,10,0,72
BRDA:138,10,1,48
BRDA:141,11,0,48
BRDA:141,11,1,0
BRDA:143,12,0,44
BRDA:143,12,1,4
BRDA:147,13,0,1
BRDA:147,13,1,3
BRDA:155,14,0,0
BRDA:155,14,1,8
BRDA:164,15,0,0
BRDA:164,15,1,35
BRDA:177,16,0,37
BRDA:177,16,1,37
BRDA:177,17,0,74
BRDA:177,17,1,37
BRDA:182,18,0,2
BRDA:182,18,1,2
BRDA:192,19,0,0
BRDA:193,20,0,70
BRDA:193,20,1,35
BRDA:196,21,0,35
BRDA:196,21,1,35
BRDA:200,22,0,35
BRDA:200,22,1,35
BRDA:200,23,0,70
BRDA:200,23,1,35
BRDA:200,23,2,35
BRDA:253,24,0,1
BRDA:253,24,1,42
BRDA:256,25,0,1
BRDA:256,25,1,42
BRDA:259,26,0,1
BRDA:259,26,1,42
BRDA:267,27,0,25
BRDA:267,27,1,0
BRF:54
BRH:43
end_of_record
TN:
SF:/Users/ajacquemin/Desktop/testLocal/src/lib/react-prebid-rubicon/src/AdvertisingContext.js
FN:2,(anonymous_0)
FNF:1
FNH:0
FNDA:0,(anonymous_0)
LF:0
LH:0
BRF:0
BRH:0
end_of_record
TN:
SF:/Users/ajacquemin/Desktop/testLocal/src/lib/react-prebid-rubicon/src/components/AdvertisingProvider.js
FN:8,(anonymous_0)
FN:14,(anonymous_1)
FN:20,(anonymous_2)
FN:26,(anonymous_3)
FN:32,(anonymous_4)
FNF:5
FNH:3
FNDA:5,(anonymous_0)
FNDA:5,(anonymous_1)
FNDA:0,(anonymous_2)
FNDA:0,(anonymous_3)
FNDA:5,(anonymous_4)
DA:9,5
DA:10,5
DA:11,5
DA:15,5
DA:16,4
DA:21,0
DA:22,0
DA:27,0
DA:28,0
DA:33,5
DA:34,5
DA:38,1
DA:52,1
LF:13
LH:9
BRDA:15,0,0,4
BRDA:15,0,1,1
BRDA:21,1,0,0
BRDA:21,1,1,0
BRDA:27,2,0,0
BRDA:27,2,1,0
BRF:6
BRH:2
end_of_record
TN:
SF:/Users/ajacquemin/Desktop/testLocal/src/lib/react-prebid-rubicon/src/components/AdvertisingSlot.js
FN:6,(anonymous_0)
FN:12,(anonymous_1)
FN:18,(anonymous_2)
FNF:3
FNH:2
FNDA:3,(anonymous_0)
FNDA:0,(anonymous_1)
FNDA:3,(anonymous_2)
DA:7,3
DA:8,3
DA:9,3
DA:13,0
DA:14,0
DA:15,0
DA:19,3
DA:20,3
DA:24,3
DA:34,3
LF:10
LH:7
BRDA:8,0,0,3
BRDA:8,0,1,0
BRDA:14,1,0,0
BRDA:14,1,1,0
BRF:4
BRH:1
end_of_record
TN:
SF:/Users/ajacquemin/Desktop/testLocal/src/lib/react-prebid-rubicon/src/components/utils/AdvertisingConfigPropType.js
FNF:0
FNH:0
LF:0
LH:0
BRF:0
BRH:0
end_of_record
TN:
SF:/Users/ajacquemin/Desktop/testLocal/src/lib/react-prebid-rubicon/src/components/utils/AdvertisingSlotConfigPropType.js
FNF:0
FNH:0
LF:0
LH:0
BRF:0
BRH:0
end_of_record
TN:
SF:/Users/ajacquemin/Desktop/testLocal/src/lib/react-prebid-rubicon/src/components/utils/connectToAdServer.js
FN:4,(anonymous_0)
FN:4,(anonymous_1)
FN:6,(anonymous_2)
FNF:3
FNH:3
FNDA:1,(anonymous_0)
FNDA:1,(anonymous_1)
FNDA:1,(anonymous_2)
DA:4,1
DA:5,1
DA:6,1
LF:3
LH:3
BRF:0
BRH:0
end_of_record
TN:
SF:/Users/ajacquemin/Desktop/testLocal/src/lib/react-prebid-rubicon/src/utils/setupTests.js
FN:29,(anonymous_0)
FNF:1
FNH:1
FNDA:98,(anonymous_0)
DA:7,8
DA:9,8
DA:10,8
DA:11,8
DA:14,8
DA:15,8
DA:17,12
DA:18,12
DA:21,98
DA:22,98
DA:27,8
DA:29,8
DA:30,98
DA:31,98
DA:32,98
LF:15
LH:15
BRF:0
BRH:0
end_of_record
TN:
SF:/Users/ajacquemin/Desktop/testLocal/src/lib/react-prebid-rubicon/src/utils/testAdvertisingConfig.js
FNF:0
FNH:0
DA:1,3
DA:2,3
DA:3,3
DA:4,3
DA:5,3
DA:7,3
DA:8,3
DA:9,3
DA:10,3
DA:11,3
DA:12,3
DA:14,3
DA:16,3
DA:17,3
DA:18,3
DA:20,3
LF:16
LH:16
BRF:0
BRH:0
end_of_record
