TN:
SF:/Users/ajacquemin/Desktop/testLocal/src/lib/react-prebid-rubicon/src/Advertising.js
FN:22,(anonymous_0)
FN:38,(anonymous_1)
FN:49,(anonymous_2)
FN:56,(anonymous_3)
FN:59,(anonymous_4)
FN:60,(anonymous_5)
FN:67,(anonymous_6)
FN:73,(anonymous_7)
FN:85,(anonymous_8)
FN:91,(anonymous_9)
FN:98,(anonymous_10)
FN:99,(anonymous_11)
FN:105,(anonymous_12)
FN:113,(anonymous_13)
FN:119,(anonymous_14)
FN:126,(anonymous_15)
FN:130,(anonymous_16)
FN:135,(anonymous_17)
FN:137,(anonymous_18)
FN:154,(anonymous_19)
FN:158,(anonymous_20)
FN:163,(anonymous_21)
FN:176,(anonymous_22)
FN:180,(anonymous_23)
FN:181,(anonymous_24)
FN:184,(anonymous_25)
FN:191,(anonymous_26)
FN:192,(anonymous_27)
FN:214,(anonymous_28)
FN:216,(anonymous_29)
FN:219,(anonymous_30)
FN:226,(anonymous_31)
FN:231,(anonymous_32)
FN:247,(anonymous_33)
FN:252,(anonymous_34)
FN:264,(anonymous_35)
FN:273,(anonymous_36)
FN:277,(anonymous_37)
FN:281,(anonymous_38)
FN:282,(anonymous_39)
FN:283,(anonymous_40)
FNF:41
FNH:37
FNDA:47,(anonymous_0)
FNDA:38,(anonymous_1)
FNDA:0,(anonymous_2)
FNDA:2,(anonymous_3)
FNDA:2,(anonymous_4)
FNDA:2,(anonymous_5)
FNDA:0,(anonymous_6)
FNDA:8,(anonymous_7)
FNDA:8,(anonymous_8)
FNDA:3,(anonymous_9)
FNDA:4,(anonymous_10)
FNDA:4,(anonymous_11)
FNDA:0,(anonymous_12)
FNDA:2,(anonymous_13)
FNDA:4,(anonymous_14)
FNDA:38,(anonymous_15)
FNDA:38,(anonymous_16)
FNDA:38,(anonymous_17)
FNDA:81,(anonymous_18)
FNDA:8,(anonymous_19)
FNDA:8,(anonymous_20)
FNDA:38,(anonymous_21)
FNDA:80,(anonymous_22)
FNDA:2,(anonymous_23)
FNDA:4,(anonymous_24)
FNDA:0,(anonymous_25)
FNDA:38,(anonymous_26)
FNDA:76,(anonymous_27)
FNDA:38,(anonymous_28)
FNDA:76,(anonymous_29)
FNDA:38,(anonymous_30)
FNDA:8,(anonymous_31)
FNDA:38,(anonymous_32)
FNDA:8,(anonymous_33)
FNDA:47,(anonymous_34)
FNDA:130,(anonymous_35)
FNDA:52,(anonymous_36)
FNDA:52,(anonymous_37)
FNDA:104,(anonymous_38)
FNDA:104,(anonymous_39)
FNDA:104,(anonymous_40)
DA:1,1
DA:2,1
DA:3,1
DA:4,1
DA:5,1
DA:6,1
DA:7,1
DA:8,1
DA:9,1
DA:10,1
DA:11,1
DA:12,1
DA:13,1
DA:14,1
DA:15,1
DA:16,1
DA:17,1
DA:18,1
DA:19,1
DA:23,47
DA:24,47
DA:25,47
DA:26,47
DA:27,47
DA:28,47
DA:29,47
DA:30,47
DA:31,47
DA:32,47
DA:33,47
DA:39,38
DA:40,38
DA:41,38
DA:45,38
DA:46,36
DA:48,2
DA:49,2
DA:50,0
DA:51,0
DA:53,0
DA:56,2
DA:57,2
DA:58,2
DA:60,2
DA:61,2
DA:68,0
DA:74,8
DA:75,8
DA:79,8
DA:80,8
DA:81,8
DA:82,8
DA:86,8
DA:87,8
DA:88,4
DA:89,4
DA:91,4
DA:92,3
DA:93,3
DA:95,3
DA:97,4
DA:99,4
DA:100,4
DA:106,0
DA:114,2
DA:115,2
DA:116,2
DA:120,4
DA:121,4
DA:122,4
DA:123,4
DA:127,38
DA:128,0
DA:130,38
DA:131,38
DA:136,38
DA:137,38
DA:138,81
DA:139,27
DA:141,54
DA:142,54
DA:143,54
DA:144,50
DA:146,4
DA:147,4
DA:148,1
DA:151,38
DA:155,8
DA:156,0
DA:158,8
DA:159,8
DA:164,38
DA:165,14
DA:167,24
DA:168,24
DA:169,24
DA:170,72
DA:172,24
DA:177,80
DA:181,2
DA:182,4
DA:183,0
DA:184,0
DA:185,0
DA:188,2
DA:192,38
DA:193,76
DA:195,76
DA:196,76
DA:197,24
DA:200,76
DA:201,38
DA:204,76
DA:205,76
DA:208,76
DA:210,76
DA:215,38
DA:216,76
DA:220,38
DA:227,8
DA:232,38
DA:233,38
DA:234,38
DA:235,38
DA:236,38
DA:237,38
DA:238,266
DA:240,38
DA:241,38
DA:243,38
DA:244,38
DA:248,8
DA:249,8
DA:253,47
DA:254,1
DA:256,47
DA:257,1
DA:259,47
DA:260,1
DA:265,130
DA:266,25
DA:267,25
DA:268,25
DA:274,52
DA:278,52
DA:282,104
DA:283,104
DA:284,104
DA:285,104
LF:149
LH:139
BRDA:22,0,0,37
BRDA:45,1,0,36
BRDA:45,1,1,2
BRDA:50,2,0,0
BRDA:50,2,1,0
BRDA:85,3,0,5
BRDA:87,4,0,4
BRDA:87,4,1,4
BRDA:92,5,0,3
BRDA:92,5,1,0
BRDA:114,6,0,0
BRDA:114,6,1,2
BRDA:121,7,0,0
BRDA:121,7,1,4
BRDA:127,8,0,0
BRDA:127,8,1,38
BRDA:138,9,0,27
BRDA:138,9,1,54
BRDA:138,10,0,81
BRDA:138,10,1,54
BRDA:141,11,0,54
BRDA:141,11,1,0
BRDA:143,12,0,50
BRDA:143,12,1,4
BRDA:147,13,0,1
BRDA:147,13,1,3
BRDA:155,14,0,0
BRDA:155,14,1,8
BRDA:164,15,0,14
BRDA:164,15,1,24
BRDA:177,16,0,24
BRDA:177,16,1,56
BRDA:177,17,0,80
BRDA:177,17,1,40
BRDA:182,18,0,0
BRDA:182,18,1,4
BRDA:192,19,0,0
BRDA:193,20,0,76
BRDA:193,20,1,38
BRDA:196,21,0,24
BRDA:196,21,1,52
BRDA:200,22,0,38
BRDA:200,22,1,38
BRDA:200,23,0,76
BRDA:200,23,1,38
BRDA:200,23,2,38
BRDA:253,24,0,1
BRDA:253,24,1,46
BRDA:256,25,0,1
BRDA:256,25,1,46
BRDA:259,26,0,1
BRDA:259,26,1,46
BRDA:267,27,0,25
BRDA:267,27,1,0
BRF:54
BRH:43
end_of_record
TN:
SF:/Users/ajacquemin/Desktop/testLocal/src/lib/react-prebid-rubicon/src/AdvertisingContext.js
FN:2,(anonymous_0)
FNF:1
FNH:0
FNDA:0,(anonymous_0)
LF:0
LH:0
BRF:0
BRH:0
end_of_record
TN:
SF:/Users/ajacquemin/Desktop/testLocal/src/lib/react-prebid-rubicon/src/components/AdvertisingProvider.js
FN:8,(anonymous_0)
FN:14,(anonymous_1)
FN:20,(anonymous_2)
FN:26,(anonymous_3)
FN:32,(anonymous_4)
FNF:5
FNH:5
FNDA:12,(anonymous_0)
FNDA:12,(anonymous_1)
FNDA:4,(anonymous_2)
FNDA:3,(anonymous_3)
FNDA:16,(anonymous_4)
DA:9,12
DA:10,12
DA:11,12
DA:15,12
DA:16,10
DA:21,4
DA:22,3
DA:27,3
DA:28,3
DA:33,16
DA:34,16
DA:38,1
DA:52,1
LF:13
LH:13
BRDA:15,0,0,10
BRDA:15,0,1,2
BRDA:21,1,0,3
BRDA:21,1,1,1
BRDA:27,2,0,3
BRDA:27,2,1,0
BRF:6
BRH:5
end_of_record
TN:
SF:/Users/ajacquemin/Desktop/testLocal/src/lib/react-prebid-rubicon/src/components/AdvertisingSlot.js
FN:6,(anonymous_0)
FN:12,(anonymous_1)
FN:18,(anonymous_2)
FNF:3
FNH:3
FNDA:7,(anonymous_0)
FNDA:3,(anonymous_1)
FNDA:10,(anonymous_2)
DA:7,7
DA:8,7
DA:9,5
DA:13,3
DA:14,3
DA:15,2
DA:19,10
DA:20,10
DA:24,7
DA:34,7
LF:10
LH:10
BRDA:8,0,0,5
BRDA:8,0,1,2
BRDA:14,1,0,2
BRDA:14,1,1,1
BRF:4
BRH:4
end_of_record
TN:
SF:/Users/ajacquemin/Desktop/testLocal/src/lib/react-prebid-rubicon/src/components/utils/AdvertisingConfigPropType.js
FNF:0
FNH:0
LF:0
LH:0
BRF:0
BRH:0
end_of_record
TN:
SF:/Users/ajacquemin/Desktop/testLocal/src/lib/react-prebid-rubicon/src/components/utils/AdvertisingSlotConfigPropType.js
FNF:0
FNH:0
LF:0
LH:0
BRF:0
BRH:0
end_of_record
TN:
SF:/Users/ajacquemin/Desktop/testLocal/src/lib/react-prebid-rubicon/src/components/utils/connectToAdServer.js
FN:4,(anonymous_0)
FN:4,(anonymous_1)
FN:6,(anonymous_2)
FNF:3
FNH:3
FNDA:1,(anonymous_0)
FNDA:1,(anonymous_1)
FNDA:1,(anonymous_2)
DA:4,1
DA:5,1
DA:6,1
LF:3
LH:3
BRF:0
BRH:0
end_of_record
TN:
SF:/Users/ajacquemin/Desktop/testLocal/src/lib/react-prebid-rubicon/src/utils/setupTests.js
FN:29,(anonymous_0)
FNF:1
FNH:1
FNDA:104,(anonymous_0)
DA:7,8
DA:9,8
DA:10,8
DA:11,8
DA:14,8
DA:15,8
DA:17,15
DA:18,15
DA:21,104
DA:22,104
DA:27,8
DA:29,8
DA:30,104
DA:31,104
DA:32,104
LF:15
LH:15
BRF:0
BRH:0
end_of_record
TN:
SF:/Users/ajacquemin/Desktop/testLocal/src/lib/react-prebid-rubicon/src/utils/testAdvertisingConfig.js
FNF:0
FNH:0
DA:1,3
DA:2,3
DA:3,3
DA:4,3
DA:5,3
DA:7,3
DA:8,3
DA:9,3
DA:10,3
DA:11,3
DA:12,3
DA:14,3
DA:16,3
DA:17,3
DA:18,3
DA:20,3
LF:16
LH:16
BRF:0
BRH:0
end_of_record
